Invoked as: ./configure 
Tclsh: /usr/bin/tclsh
Failed: ccache cc -c -DSQLITE_DEBUG -g conftest__.c -o conftest__.o
conftest__.c: In function ‘main’:
conftest__.c:3:12: error: size of array ‘_x’ is negative
    3 | static int _x[sizeof(off_t) == 4 ? 1 : -1] = { 1 };
      |            ^~
child process exited abnormally
============
The failed code was:
#include <sys/types.h>
int main(void) {
static int _x[sizeof(off_t) == 4 ? 1 : -1] = { 1 };
return 0;
}
============
Failed: ccache cc -DSQLITE_DEBUG -g conftest__.c -o conftest__
/usr/bin/ld: /tmp/ccPdmT5b.o: in function `main':
/home/new_user/sqlite_demo/conftest__.c:3: undefined reference to `localtime_s'
collect2: error: ld returned 1 exit status
child process exited abnormally
============
The failed code was:
extern void localtime_s(void);
int main(void) {
localtime_s();
return 0;
}
============
Failed: ccache cc -DSQLITE_DEBUG -g conftest__.c -o conftest__
/usr/bin/ld: /tmp/cclQkK4c.o: in function `main':
/home/new_user/sqlite_demo/conftest__.c:3: undefined reference to `deflate'
collect2: error: ld returned 1 exit status
child process exited abnormally
============
The failed code was:
extern void deflate(void);
int main(void) {
deflate();
return 0;
}
============
Failed: ccache cc -rpath /usr/local/lib -DSQLITE_DEBUG -g conftest__.c -o conftest__
cc: error: unrecognized command-line option ‘-rpath’
child process exited abnormally
============
The failed code was:
int main(void) {

return 0;
}
============
Failed: ccache cc -DSQLITE_DEBUG -g conftest__.c -o conftest__
conftest__.c:1:13: warning: conflicting types for built-in function ‘ceil’; expected ‘double(double)’ [-Wbuiltin-declaration-mismatch]
    1 | extern void ceil(void);
      |             ^~~~
conftest__.c:1:1: note: ‘ceil’ is declared in header ‘<math.h>’
  +++ |+#include <math.h>
    1 | extern void ceil(void);
/usr/bin/ld: /tmp/ccTGvxES.o: in function `main':
/home/new_user/sqlite_demo/conftest__.c:3: undefined reference to `ceil'
collect2: error: ld returned 1 exit status
child process exited abnormally
============
The failed code was:
extern void ceil(void);
int main(void) {
ceil();
return 0;
}
============
Failed: ccache cc -DSQLITE_DEBUG -g conftest__.c -o conftest__
/usr/bin/ld: /tmp/ccoG2HkR.o: in function `main':
/home/new_user/sqlite_demo/conftest__.c:3: undefined reference to `tgetent'
collect2: error: ld returned 1 exit status
child process exited abnormally
============
The failed code was:
extern void tgetent(void);
int main(void) {
tgetent();
return 0;
}
============
Failed: ccache cc -DSQLITE_DEBUG -g conftest__.c -o conftest__ -lreadline
/usr/bin/ld: /tmp/cchVwVbz.o: in function `main':
/home/new_user/sqlite_demo/conftest__.c:3: undefined reference to `tgetent'
collect2: error: ld returned 1 exit status
child process exited abnormally
============
The failed code was:
extern void tgetent(void);
int main(void) {
tgetent();
return 0;
}
============
Failed: ccache cc -DSQLITE_DEBUG -g conftest__.c -o conftest__ -lncurses
/usr/bin/ld: /tmp/cctRkL5Z.o: in function `main':
/home/new_user/sqlite_demo/conftest__.c:3: undefined reference to `readline'
collect2: error: ld returned 1 exit status
child process exited abnormally
============
The failed code was:
extern void readline(void);
int main(void) {
readline();
return 0;
}
============
